app/build/intermediates/manifest_merge_blame_file/release/processReleaseMainManifest/manifest-merger-blame-release-report.txt
1<?xml version="1.0" encoding="utf-8"?>
2<manifest xmlns:android="http://schemas.android.com/apk/res/android"
3    package="com.ecosystem.android"
4    android:versionCode="1"
5    android:versionName="1.0.0" >
6
7    <uses-sdk
8        android:minSdkVersion="26"
9        android:targetSdkVersion="34" />
10
11    <uses-permission android:name="android.permission.CAMERA" />
11-->[:feature:pairing] AndroidManifest.xml:7:5-65
11-->[:feature:pairing] AndroidManifest.xml:7:22-62
12
13    <uses-feature
13-->[:feature:pairing] AndroidManifest.xml:9:5-11:36
14        android:name="android.hardware.camera"
14-->[:feature:pairing] AndroidManifest.xml:10:9-47
15        android:required="false" />
15-->[:feature:pairing] AndroidManifest.xml:11:9-33
16
17    <uses-permission android:name="android.permission.BLUETOOTH" />
17-->[:core:discovery] AndroidManifest.xml:7:5-68
17-->[:core:discovery] AndroidManifest.xml:7:22-65
18    <uses-permission android:name="android.permission.BLUETOOTH_ADMIN" />
18-->[:core:discovery] AndroidManifest.xml:8:5-74
18-->[:core:discovery] AndroidManifest.xml:8:22-71
19    <uses-permission
19-->[:core:discovery] AndroidManifest.xml:9:5-11:58
20        android:name="android.permission.BLUETOOTH_SCAN"
20-->[:core:discovery] AndroidManifest.xml:10:9-57
21        android:usesPermissionFlags="neverForLocation" />
21-->[:core:discovery] AndroidManifest.xml:11:9-55
22    <uses-permission android:name="android.permission.BLUETOOTH_ADVERTISE" />
22-->[:core:discovery] AndroidManifest.xml:12:5-78
22-->[:core:discovery] AndroidManifest.xml:12:22-75
23    <uses-permission android:name="android.permission.BLUETOOTH_CONNECT" />
23-->[:core:discovery] AndroidManifest.xml:13:5-76
23-->[:core:discovery] AndroidManifest.xml:13:22-73
24    <uses-permission android:name="android.permission.ACCESS_FINE_LOCATION" />
24-->[:core:discovery] AndroidManifest.xml:14:5-79
24-->[:core:discovery] AndroidManifest.xml:14:22-76
25    <uses-permission android:name="android.permission.ACCESS_COARSE_LOCATION" />
25-->[:core:discovery] AndroidManifest.xml:15:5-81
25-->[:core:discovery] AndroidManifest.xml:15:22-78
26
27    <permission
27-->[androidx.core:core:1.12.0] AndroidManifest.xml:22:5-24:47
28        android:name="com.ecosystem.android.DYNAMIC_RECEIVER_NOT_EXPORTED_PERMISSION"
28-->[androidx.core:core:1.12.0] AndroidManifest.xml:23:9-81
29        android:protectionLevel="signature" />
29-->[androidx.core:core:1.12.0] AndroidManifest.xml:24:9-44
30
31    <uses-permission android:name="com.ecosystem.android.DYNAMIC_RECEIVER_NOT_EXPORTED_PERMISSION" />
31-->[androidx.core:core:1.12.0] AndroidManifest.xml:26:5-97
31-->[androidx.core:core:1.12.0] AndroidManifest.xml:26:22-94
32
33    <application
33-->src/main/AndroidManifest.xml:4:5-23:19
34        android:name="com.ecosystem.android.CompanionApp"
34-->src/main/AndroidManifest.xml:5:9-37
35        android:allowBackup="true"
35-->src/main/AndroidManifest.xml:6:9-35
36        android:appComponentFactory="androidx.core.app.CoreComponentFactory"
36-->[androidx.core:core:1.12.0] AndroidManifest.xml:28:18-86
37        android:extractNativeLibs="false"
38        android:icon="@android:drawable/sym_def_app_icon"
38-->src/main/AndroidManifest.xml:7:9-58
39        android:label="Companion App"
39-->src/main/AndroidManifest.xml:8:9-38
40        android:roundIcon="@android:drawable/sym_def_app_icon"
40-->src/main/AndroidManifest.xml:9:9-63
41        android:supportsRtl="true"
41-->src/main/AndroidManifest.xml:10:9-35
42        android:theme="@android:style/Theme.Material.NoActionBar" >
42-->src/main/AndroidManifest.xml:11:9-66
43        <activity
43-->src/main/AndroidManifest.xml:13:9-21:20
44            android:name="com.ecosystem.android.MainActivity"
44-->src/main/AndroidManifest.xml:14:13-41
45            android:exported="true"
45-->src/main/AndroidManifest.xml:15:13-36
46            android:theme="@android:style/Theme.Material.NoActionBar" >
46-->src/main/AndroidManifest.xml:16:13-70
47            <intent-filter>
47-->src/main/AndroidManifest.xml:17:13-20:29
48                <action android:name="android.intent.action.MAIN" />
48-->src/main/AndroidManifest.xml:18:17-69
48-->src/main/AndroidManifest.xml:18:25-66
49
50                <category android:name="android.intent.category.LAUNCHER" />
50-->src/main/AndroidManifest.xml:19:17-77
50-->src/main/AndroidManifest.xml:19:27-74
51            </intent-filter>
52        </activity>
53
54        <service
54-->[androidx.camera:camera-camera2:1.3.2] AndroidManifest.xml:24:9-33:19
55            android:name="androidx.camera.core.impl.MetadataHolderService"
55-->[androidx.camera:camera-camera2:1.3.2] AndroidManifest.xml:25:13-75
56            android:enabled="false"
56-->[androidx.camera:camera-camera2:1.3.2] AndroidManifest.xml:26:13-36
57            android:exported="false" >
57-->[androidx.camera:camera-camera2:1.3.2] AndroidManifest.xml:27:13-37
58            <meta-data
58-->[androidx.camera:camera-camera2:1.3.2] AndroidManifest.xml:30:13-32:89
59                android:name="androidx.camera.core.impl.MetadataHolderService.DEFAULT_CONFIG_PROVIDER"
59-->[androidx.camera:camera-camera2:1.3.2] AndroidManifest.xml:31:17-103
60                android:value="androidx.camera.camera2.Camera2Config$DefaultProvider" />
60-->[androidx.camera:camera-camera2:1.3.2] AndroidManifest.xml:32:17-86
61        </service>
62
63        <provider
63-->[androidx.emoji2:emoji2:1.3.0] AndroidManifest.xml:24:9-32:20
64            android:name="androidx.startup.InitializationProvider"
64-->[androidx.emoji2:emoji2:1.3.0] AndroidManifest.xml:25:13-67
65            android:authorities="com.ecosystem.android.androidx-startup"
65-->[androidx.emoji2:emoji2:1.3.0] AndroidManifest.xml:26:13-68
66            android:exported="false" >
66-->[androidx.emoji2:emoji2:1.3.0] AndroidManifest.xml:27:13-37
67            <meta-data
67-->[androidx.emoji2:emoji2:1.3.0] AndroidManifest.xml:29:13-31:52
68                android:name="androidx.emoji2.text.EmojiCompatInitializer"
68-->[androidx.emoji2:emoji2:1.3.0] AndroidManifest.xml:30:17-75
69                android:value="androidx.startup" />
69-->[androidx.emoji2:emoji2:1.3.0] AndroidManifest.xml:31:17-49
70            <meta-data
70-->[androidx.lifecycle:lifecycle-process:2.7.0] AndroidManifest.xml:29:13-31:52
71                android:name="androidx.lifecycle.ProcessLifecycleInitializer"
71-->[androidx.lifecycle:lifecycle-process:2.7.0] AndroidManifest.xml:30:17-78
72                android:value="androidx.startup" />
72-->[androidx.lifecycle:lifecycle-process:2.7.0] AndroidManifest.xml:31:17-49
73            <meta-data
73-->[androidx.profileinstaller:profileinstaller:1.3.0] AndroidManifest.xml:29:13-31:52
74                android:name="androidx.profileinstaller.ProfileInstallerInitializer"
74-->[androidx.profileinstaller:profileinstaller:1.3.0] AndroidManifest.xml:30:17-85
75                android:value="androidx.startup" />
75-->[androidx.profileinstaller:profileinstaller:1.3.0] AndroidManifest.xml:31:17-49
76        </provider>
77
78        <service
78-->[androidx.room:room-runtime:2.6.1] AndroidManifest.xml:24:9-28:63
79            android:name="androidx.room.MultiInstanceInvalidationService"
79-->[androidx.room:room-runtime:2.6.1] AndroidManifest.xml:25:13-74
80            android:directBootAware="true"
80-->[androidx.room:room-runtime:2.6.1] AndroidManifest.xml:26:13-43
81            android:exported="false" />
81-->[androidx.room:room-runtime:2.6.1] AndroidManifest.xml:27:13-37
82
83        <receiver
83-->[androidx.profileinstaller:profileinstaller:1.3.0] AndroidManifest.xml:34:9-52:20
84            android:name="androidx.profileinstaller.ProfileInstallReceiver"
84-->[androidx.profileinstaller:profileinstaller:1.3.0] AndroidManifest.xml:35:13-76
85            android:directBootAware="false"
85-->[androidx.profileinstaller:profileinstaller:1.3.0] AndroidManifest.xml:36:13-44
86            android:enabled="true"
86-->[androidx.profileinstaller:profileinstaller:1.3.0] AndroidManifest.xml:37:13-35
87            android:exported="true"
87-->[androidx.profileinstaller:profileinstaller:1.3.0] AndroidManifest.xml:38:13-36
88            android:permission="android.permission.DUMP" >
88-->[androidx.profileinstaller:profileinstaller:1.3.0] AndroidManifest.xml:39:13-57
89            <intent-filter>
89-->[androidx.profileinstaller:profileinstaller:1.3.0] AndroidManifest.xml:40:13-42:29
90                <action android:name="androidx.profileinstaller.action.INSTALL_PROFILE" />
90-->[androidx.profileinstaller:profileinstaller:1.3.0] AndroidManifest.xml:41:17-91
90-->[androidx.profileinstaller:profileinstaller:1.3.0] AndroidManifest.xml:41:25-88
91            </intent-filter>
92            <intent-filter>
92-->[androidx.profileinstaller:profileinstaller:1.3.0] AndroidManifest.xml:43:13-45:29
93                <action android:name="androidx.profileinstaller.action.SKIP_FILE" />
93-->[androidx.profileinstaller:profileinstaller:1.3.0] AndroidManifest.xml:44:17-85
93-->[androidx.profileinstaller:profileinstaller:1.3.0] AndroidManifest.xml:44:25-82
94            </intent-filter>
95            <intent-filter>
95-->[androidx.profileinstaller:profileinstaller:1.3.0] AndroidManifest.xml:46:13-48:29
96                <action android:name="androidx.profileinstaller.action.SAVE_PROFILE" />
96-->[androidx.profileinstaller:profileinstaller:1.3.0] AndroidManifest.xml:47:17-88
96-->[androidx.profileinstaller:profileinstaller:1.3.0] AndroidManifest.xml:47:25-85
97            </intent-filter>
98            <intent-filter>
98-->[androidx.profileinstaller:profileinstaller:1.3.0] AndroidManifest.xml:49:13-51:29
99                <action android:name="androidx.profileinstaller.action.BENCHMARK_OPERATION" />
99-->[androidx.profileinstaller:profileinstaller:1.3.0] AndroidManifest.xml:50:17-95
99-->[androidx.profileinstaller:profileinstaller:1.3.0] AndroidManifest.xml:50:25-92
100            </intent-filter>
101        </receiver>
102    </application>
103
104</manifest>